ERROR 2024-04-29 07:33:25.533 - [main] CliLauncher Could not auto-detect brid from http://localhost:7740
java.lang.RuntimeException: Could not auto-detect brid from http://localhost:7740
	at com.chromia.cli.tools.blockchain.BridFetcher.fetchBlockchainRid(BridFetcher.kt:20) ~[chromia-cli-tools-0.16.3.jar:0.16.3]
	at com.chromia.cli.util.LocalDeploymentOption.blockchainRidFromIid(deployTargetOptions.kt:77) ~[chromia-cli-0.16.3.jar:0.16.3]
	at com.chromia.cli.util.LocalDeploymentOption.getBrid(deployTargetOptions.kt:74) ~[chromia-cli-0.16.3.jar:0.16.3]
	at com.chromia.cli.TxCommand.run(TxCommand.kt:86) ~[chromia-cli-0.16.3.jar:0.16.3]
	at com.github.ajalt.clikt.parsers.Parser.parse(Parser.kt:306) ~[clikt-jvm-4.2.0.jar:?]
	at com.github.ajalt.clikt.parsers.Parser.parse(Parser.kt:319) ~[clikt-jvm-4.2.0.jar:?]
	at com.github.ajalt.clikt.parsers.Parser.parse(Parser.kt:40) ~[clikt-jvm-4.2.0.jar:?]
	at com.github.ajalt.clikt.core.CliktCommand.parse(CliktCommand.kt:458) ~[clikt-jvm-4.2.0.jar:?]
	at com.github.ajalt.clikt.core.CliktCommand.parse$default(CliktCommand.kt:455) ~[clikt-jvm-4.2.0.jar:?]
	at com.github.ajalt.clikt.core.CliktCommand.main(CliktCommand.kt:475) ~[clikt-jvm-4.2.0.jar:?]
	at com.chromia.cli.tools.launcher.CliLauncher.catchingAllExceptionsMain(CliLauncher.kt:68) [chromia-cli-tools-0.16.3.jar:0.16.3]
	at com.chromia.MainKt.main(main.kt:44) [chromia-cli-0.16.3.jar:0.16.3]
ERROR 2024-04-29 07:40:27.412 - [main] CliLauncher Could not auto-detect brid from http://localhost:7740
java.lang.RuntimeException: Could not auto-detect brid from http://localhost:7740
	at com.chromia.cli.tools.blockchain.BridFetcher.fetchBlockchainRid(BridFetcher.kt:20) ~[chromia-cli-tools-0.16.3.jar:0.16.3]
	at com.chromia.cli.util.LocalDeploymentOption.blockchainRidFromIid(deployTargetOptions.kt:77) ~[chromia-cli-0.16.3.jar:0.16.3]
	at com.chromia.cli.util.LocalDeploymentOption.getBrid(deployTargetOptions.kt:74) ~[chromia-cli-0.16.3.jar:0.16.3]
	at com.chromia.cli.TxCommand.run(TxCommand.kt:86) ~[chromia-cli-0.16.3.jar:0.16.3]
	at com.github.ajalt.clikt.parsers.Parser.parse(Parser.kt:306) ~[clikt-jvm-4.2.0.jar:?]
	at com.github.ajalt.clikt.parsers.Parser.parse(Parser.kt:319) ~[clikt-jvm-4.2.0.jar:?]
	at com.github.ajalt.clikt.parsers.Parser.parse(Parser.kt:40) ~[clikt-jvm-4.2.0.jar:?]
	at com.github.ajalt.clikt.core.CliktCommand.parse(CliktCommand.kt:458) ~[clikt-jvm-4.2.0.jar:?]
	at com.github.ajalt.clikt.core.CliktCommand.parse$default(CliktCommand.kt:455) ~[clikt-jvm-4.2.0.jar:?]
	at com.github.ajalt.clikt.core.CliktCommand.main(CliktCommand.kt:475) ~[clikt-jvm-4.2.0.jar:?]
	at com.chromia.cli.tools.launcher.CliLauncher.catchingAllExceptionsMain(CliLauncher.kt:68) [chromia-cli-tools-0.16.3.jar:0.16.3]
	at com.chromia.MainKt.main(main.kt:44) [chromia-cli-0.16.3.jar:0.16.3]
ERROR 2024-04-29 07:43:02.977 - [main] CliLauncher Could not auto-detect brid from http://localhost:7740
java.lang.RuntimeException: Could not auto-detect brid from http://localhost:7740
	at com.chromia.cli.tools.blockchain.BridFetcher.fetchBlockchainRid(BridFetcher.kt:20) ~[chromia-cli-tools-0.16.3.jar:0.16.3]
	at com.chromia.cli.util.LocalDeploymentOption.blockchainRidFromIid(deployTargetOptions.kt:77) ~[chromia-cli-0.16.3.jar:0.16.3]
	at com.chromia.cli.util.LocalDeploymentOption.getBrid(deployTargetOptions.kt:74) ~[chromia-cli-0.16.3.jar:0.16.3]
	at com.chromia.cli.TxCommand.run(TxCommand.kt:86) ~[chromia-cli-0.16.3.jar:0.16.3]
	at com.github.ajalt.clikt.parsers.Parser.parse(Parser.kt:306) ~[clikt-jvm-4.2.0.jar:?]
	at com.github.ajalt.clikt.parsers.Parser.parse(Parser.kt:319) ~[clikt-jvm-4.2.0.jar:?]
	at com.github.ajalt.clikt.parsers.Parser.parse(Parser.kt:40) ~[clikt-jvm-4.2.0.jar:?]
	at com.github.ajalt.clikt.core.CliktCommand.parse(CliktCommand.kt:458) ~[clikt-jvm-4.2.0.jar:?]
	at com.github.ajalt.clikt.core.CliktCommand.parse$default(CliktCommand.kt:455) ~[clikt-jvm-4.2.0.jar:?]
	at com.github.ajalt.clikt.core.CliktCommand.main(CliktCommand.kt:475) ~[clikt-jvm-4.2.0.jar:?]
	at com.chromia.cli.tools.launcher.CliLauncher.catchingAllExceptionsMain(CliLauncher.kt:68) [chromia-cli-tools-0.16.3.jar:0.16.3]
	at com.chromia.MainKt.main(main.kt:44) [chromia-cli-0.16.3.jar:0.16.3]
ERROR 2024-04-29 07:57:28.722 - [main] CliLauncher Illegal character in scheme name at index 0: 172.17.0.1:7740/brid/iid_0
java.net.URISyntaxException: Illegal character in scheme name at index 0: 172.17.0.1:7740/brid/iid_0
	at java.net.URI$Parser.fail(URI.java:2995) ~[?:?]
	at java.net.URI$Parser.checkChars(URI.java:3166) ~[?:?]
	at java.net.URI$Parser.checkChar(URI.java:3176) ~[?:?]
	at java.net.URI$Parser.parse(URI.java:3191) ~[?:?]
	at java.net.URI.<init>(URI.java:645) ~[?:?]
	at org.http4k.client.ApacheClient.toApacheRequest(ApacheClient.kt:83) ~[http4k-client-apache-4.48.0.0.jar:?]
	at org.http4k.client.ApacheClient.access$toApacheRequest(ApacheClient.kt:51) ~[http4k-client-apache-4.48.0.0.jar:?]
	at org.http4k.client.ApacheClient$invoke$1.invoke(ApacheClient.kt:62) ~[http4k-client-apache-4.48.0.0.jar:?]
	at org.http4k.client.ApacheClient$invoke$1.invoke(ApacheClient.kt:59) ~[http4k-client-apache-4.48.0.0.jar:?]
	at org.http4k.filter.ResponseFilters$GunZip$invoke$1$1.invoke(ResponseFilters.kt:123) ~[http4k-core-4.48.0.0.jar:?]
	at org.http4k.filter.ResponseFilters$GunZip$invoke$1$1.invoke(ResponseFilters.kt:122) ~[http4k-core-4.48.0.0.jar:?]
	at org.http4k.core.Http4kKt$then$2$1.invoke(Http4k.kt:15) ~[http4k-core-4.48.0.0.jar:?]
	at org.http4k.core.Http4kKt$then$2$1.invoke(Http4k.kt:15) ~[http4k-core-4.48.0.0.jar:?]
	at com.chromia.cli.tools.blockchain.BridFetcher.fetchBlockchainRid(BridFetcher.kt:15) ~[chromia-cli-tools-0.16.3.jar:0.16.3]
	at com.chromia.cli.util.LocalDeploymentOption.blockchainRidFromIid(deployTargetOptions.kt:77) ~[chromia-cli-0.16.3.jar:0.16.3]
	at com.chromia.cli.util.LocalDeploymentOption.getBrid(deployTargetOptions.kt:74) ~[chromia-cli-0.16.3.jar:0.16.3]
	at com.chromia.cli.TxCommand.run(TxCommand.kt:86) ~[chromia-cli-0.16.3.jar:0.16.3]
	at com.github.ajalt.clikt.parsers.Parser.parse(Parser.kt:306) ~[clikt-jvm-4.2.0.jar:?]
	at com.github.ajalt.clikt.parsers.Parser.parse(Parser.kt:319) ~[clikt-jvm-4.2.0.jar:?]
	at com.github.ajalt.clikt.parsers.Parser.parse(Parser.kt:40) ~[clikt-jvm-4.2.0.jar:?]
	at com.github.ajalt.clikt.core.CliktCommand.parse(CliktCommand.kt:458) ~[clikt-jvm-4.2.0.jar:?]
	at com.github.ajalt.clikt.core.CliktCommand.parse$default(CliktCommand.kt:455) ~[clikt-jvm-4.2.0.jar:?]
	at com.github.ajalt.clikt.core.CliktCommand.main(CliktCommand.kt:475) ~[clikt-jvm-4.2.0.jar:?]
	at com.chromia.cli.tools.launcher.CliLauncher.catchingAllExceptionsMain(CliLauncher.kt:68) [chromia-cli-tools-0.16.3.jar:0.16.3]
	at com.chromia.MainKt.main(main.kt:44) [chromia-cli-0.16.3.jar:0.16.3]
ERROR 2024-04-29 07:59:43.080 - [main] CliLauncher Illegal character in scheme name at index 0: 172.17.0.3:7740/brid/iid_0
java.net.URISyntaxException: Illegal character in scheme name at index 0: 172.17.0.3:7740/brid/iid_0
	at java.net.URI$Parser.fail(URI.java:2995) ~[?:?]
	at java.net.URI$Parser.checkChars(URI.java:3166) ~[?:?]
	at java.net.URI$Parser.checkChar(URI.java:3176) ~[?:?]
	at java.net.URI$Parser.parse(URI.java:3191) ~[?:?]
	at java.net.URI.<init>(URI.java:645) ~[?:?]
	at org.http4k.client.ApacheClient.toApacheRequest(ApacheClient.kt:83) ~[http4k-client-apache-4.48.0.0.jar:?]
	at org.http4k.client.ApacheClient.access$toApacheRequest(ApacheClient.kt:51) ~[http4k-client-apache-4.48.0.0.jar:?]
	at org.http4k.client.ApacheClient$invoke$1.invoke(ApacheClient.kt:62) ~[http4k-client-apache-4.48.0.0.jar:?]
	at org.http4k.client.ApacheClient$invoke$1.invoke(ApacheClient.kt:59) ~[http4k-client-apache-4.48.0.0.jar:?]
	at org.http4k.filter.ResponseFilters$GunZip$invoke$1$1.invoke(ResponseFilters.kt:123) ~[http4k-core-4.48.0.0.jar:?]
	at org.http4k.filter.ResponseFilters$GunZip$invoke$1$1.invoke(ResponseFilters.kt:122) ~[http4k-core-4.48.0.0.jar:?]
	at org.http4k.core.Http4kKt$then$2$1.invoke(Http4k.kt:15) ~[http4k-core-4.48.0.0.jar:?]
	at org.http4k.core.Http4kKt$then$2$1.invoke(Http4k.kt:15) ~[http4k-core-4.48.0.0.jar:?]
	at com.chromia.cli.tools.blockchain.BridFetcher.fetchBlockchainRid(BridFetcher.kt:15) ~[chromia-cli-tools-0.16.3.jar:0.16.3]
	at com.chromia.cli.util.LocalDeploymentOption.blockchainRidFromIid(deployTargetOptions.kt:77) ~[chromia-cli-0.16.3.jar:0.16.3]
	at com.chromia.cli.util.LocalDeploymentOption.getBrid(deployTargetOptions.kt:74) ~[chromia-cli-0.16.3.jar:0.16.3]
	at com.chromia.cli.TxCommand.run(TxCommand.kt:86) ~[chromia-cli-0.16.3.jar:0.16.3]
	at com.github.ajalt.clikt.parsers.Parser.parse(Parser.kt:306) ~[clikt-jvm-4.2.0.jar:?]
	at com.github.ajalt.clikt.parsers.Parser.parse(Parser.kt:319) ~[clikt-jvm-4.2.0.jar:?]
	at com.github.ajalt.clikt.parsers.Parser.parse(Parser.kt:40) ~[clikt-jvm-4.2.0.jar:?]
	at com.github.ajalt.clikt.core.CliktCommand.parse(CliktCommand.kt:458) ~[clikt-jvm-4.2.0.jar:?]
	at com.github.ajalt.clikt.core.CliktCommand.parse$default(CliktCommand.kt:455) ~[clikt-jvm-4.2.0.jar:?]
	at com.github.ajalt.clikt.core.CliktCommand.main(CliktCommand.kt:475) ~[clikt-jvm-4.2.0.jar:?]
	at com.chromia.cli.tools.launcher.CliLauncher.catchingAllExceptionsMain(CliLauncher.kt:68) [chromia-cli-tools-0.16.3.jar:0.16.3]
	at com.chromia.MainKt.main(main.kt:44) [chromia-cli-0.16.3.jar:0.16.3]
ERROR 2024-04-29 08:01:55.804 - [main] CliLauncher Could not auto-detect brid from http://localhost:7740
java.lang.RuntimeException: Could not auto-detect brid from http://localhost:7740
	at com.chromia.cli.tools.blockchain.BridFetcher.fetchBlockchainRid(BridFetcher.kt:20) ~[chromia-cli-tools-0.16.3.jar:0.16.3]
	at com.chromia.cli.util.LocalDeploymentOption.blockchainRidFromIid(deployTargetOptions.kt:77) ~[chromia-cli-0.16.3.jar:0.16.3]
	at com.chromia.cli.util.LocalDeploymentOption.getBrid(deployTargetOptions.kt:74) ~[chromia-cli-0.16.3.jar:0.16.3]
	at com.chromia.cli.TxCommand.run(TxCommand.kt:86) ~[chromia-cli-0.16.3.jar:0.16.3]
	at com.github.ajalt.clikt.parsers.Parser.parse(Parser.kt:306) ~[clikt-jvm-4.2.0.jar:?]
	at com.github.ajalt.clikt.parsers.Parser.parse(Parser.kt:319) ~[clikt-jvm-4.2.0.jar:?]
	at com.github.ajalt.clikt.parsers.Parser.parse(Parser.kt:40) ~[clikt-jvm-4.2.0.jar:?]
	at com.github.ajalt.clikt.core.CliktCommand.parse(CliktCommand.kt:458) ~[clikt-jvm-4.2.0.jar:?]
	at com.github.ajalt.clikt.core.CliktCommand.parse$default(CliktCommand.kt:455) ~[clikt-jvm-4.2.0.jar:?]
	at com.github.ajalt.clikt.core.CliktCommand.main(CliktCommand.kt:475) ~[clikt-jvm-4.2.0.jar:?]
	at com.chromia.cli.tools.launcher.CliLauncher.catchingAllExceptionsMain(CliLauncher.kt:68) [chromia-cli-tools-0.16.3.jar:0.16.3]
	at com.chromia.MainKt.main(main.kt:44) [chromia-cli-0.16.3.jar:0.16.3]
ERROR 2024-05-04 09:06:43.768 - [main] CliLauncher Could not auto-detect brid from http://localhost:7740
java.lang.RuntimeException: Could not auto-detect brid from http://localhost:7740
	at com.chromia.cli.tools.blockchain.BridFetcher.fetchBlockchainRid(BridFetcher.kt:20) ~[chromia-cli-tools-0.18.2.jar:0.18.2]
	at com.chromia.cli.util.LocalDeploymentOption.blockchainRidFromIid(deployTargetOptions.kt:77) ~[chromia-cli-0.18.2.jar:0.18.2]
	at com.chromia.cli.util.LocalDeploymentOption.getBrid(deployTargetOptions.kt:74) ~[chromia-cli-0.18.2.jar:0.18.2]
	at com.chromia.cli.command.TxCommand.run(TxCommand.kt:86) ~[chromia-cli-0.18.2.jar:0.18.2]
	at com.github.ajalt.clikt.parsers.Parser.parse(Parser.kt:306) ~[clikt-jvm-4.2.0.jar:?]
	at com.github.ajalt.clikt.parsers.Parser.parse(Parser.kt:319) ~[clikt-jvm-4.2.0.jar:?]
	at com.github.ajalt.clikt.parsers.Parser.parse(Parser.kt:40) ~[clikt-jvm-4.2.0.jar:?]
	at com.github.ajalt.clikt.core.CliktCommand.parse(CliktCommand.kt:458) ~[clikt-jvm-4.2.0.jar:?]
	at com.github.ajalt.clikt.core.CliktCommand.parse$default(CliktCommand.kt:455) ~[clikt-jvm-4.2.0.jar:?]
	at com.github.ajalt.clikt.core.CliktCommand.main(CliktCommand.kt:475) ~[clikt-jvm-4.2.0.jar:?]
	at com.chromia.cli.tools.launcher.CliLauncher.catchingAllExceptionsMain(CliLauncher.kt:69) [chromia-cli-tools-0.18.2.jar:0.18.2]
	at com.chromia.MainKt.main(main.kt:44) [chromia-cli-0.18.2.jar:0.18.2]
